\BOOKMARK [1][-]{section.1}{\376\377\000Q\000u\000e\000s\000t\000i\000o\000n\000-\0001}{}% 1
\BOOKMARK [2][-]{subsubsection.1.0.1}{\376\377\000L\000a\000p\000l\000a\000c\000e\000\040\000P\000D\000F}{section.1}% 2
\BOOKMARK [3][-]{subsubsection.1.0.2}{\376\377\000L\000a\000p\000l\000a\000c\000e\000\040\000C\000D\000F}{subsubsection.1.0.1}% 3
\BOOKMARK [3][-]{subsubsection.1.0.3}{\376\377\000G\000u\000m\000b\000e\000l\000\040\000P\000D\000F}{subsubsection.1.0.1}% 4
\BOOKMARK [3][-]{subsubsection.1.0.4}{\376\377\000G\000u\000m\000b\000e\000l\000\040\000C\000D\000F}{subsubsection.1.0.1}% 5
\BOOKMARK [3][-]{subsubsection.1.0.5}{\376\377\000C\000a\000u\000c\000h\000y\000\040\000P\000D\000F}{subsubsection.1.0.1}% 6
\BOOKMARK [3][-]{subsubsection.1.0.6}{\376\377\000C\000a\000u\000c\000h\000y\000\040\000C\000D\000F}{subsubsection.1.0.1}% 7
\BOOKMARK [3][-]{subsubsection.1.0.7}{\376\377\000V\000a\000r\000i\000a\000n\000c\000e\000s}{subsubsection.1.0.1}% 8
\BOOKMARK [1][-]{section.2}{\376\377\000Q\000u\000e\000s\000t\000i\000o\000n\000-\0002}{}% 9
\BOOKMARK [2][-]{subsection.2.1}{\376\377\000P\000o\000i\000s\000s\000o\000n\000\040\000S\000u\000m}{section.2}% 10
\BOOKMARK [3][-]{subsubsection.2.1.1}{\376\377\000V\000a\000l\000u\000e\000s\000\040\000f\000o\000r\000\040\000\050\000Z\000\051}{subsection.2.1}% 11
\BOOKMARK [3][-]{subsubsection.2.1.2}{\376\377\000S\000u\000m\000\040\000o\000f\000\040\000t\000w\000o\000\040\000P\000o\000i\000s\000s\000o\000n\000\040\000R\000a\000n\000d\000o\000m\000\040\000V\000a\000r\000i\000a\000b\000l\000e\000s}{subsection.2.1}% 12
\BOOKMARK [3][-]{subsubsection.2.1.3}{\376\377\000C\000o\000m\000p\000a\000r\000i\000s\000i\000o\000n\000\040\000b\000e\000t\000w\000e\000e\000n\000\040\000A\000c\000t\000u\000a\000l\000\040\000a\000n\000d\000\040\000E\000x\000p\000e\000r\000i\000m\000e\000n\000t\000a\000l}{subsection.2.1}% 13
\BOOKMARK [2][-]{subsection.2.2}{\376\377\000P\000o\000i\000s\000s\000o\000n\000\040\000T\000h\000i\000n\000n\000i\000n\000g}{section.2}% 14
\BOOKMARK [3][-]{subsubsection.2.2.1}{\376\377\000V\000a\000l\000u\000e\000s\000\040\000f\000o\000r\000\040\000\050\000Z\000\051}{subsection.2.2}% 15
\BOOKMARK [3][-]{subsubsection.2.2.2}{\376\377\000T\000h\000i\000n\000n\000e\000d\000\040\000P\000o\000i\000s\000s\000o\000n\000\040\000V\000a\000r\000i\000a\000b\000l\000e}{subsection.2.2}% 16
\BOOKMARK [3][-]{subsubsection.2.2.3}{\376\377\000C\000o\000m\000p\000a\000r\000i\000s\000i\000o\000n\000\040\000b\000e\000t\000w\000e\000e\000n\000\040\000A\000c\000t\000u\000a\000l\000\040\000a\000n\000d\000\040\000E\000x\000p\000e\000r\000i\000m\000e\000n\000t\000a\000l}{subsection.2.2}% 17
\BOOKMARK [1][-]{section.3}{\376\377\000Q\000u\000e\000s\000t\000i\000o\000n\000-\0003}{}% 18
\BOOKMARK [2][-]{subsubsection.3.0.1}{\376\377\000R\000a\000n\000d\000o\000m\000\040\000W\000a\000l\000k\000\040\000P\000o\000s\000i\000t\000i\000o\000n\000\040\000P\000l\000o\000t}{section.3}% 19
\BOOKMARK [3][-]{subsubsection.3.0.2}{\376\377\000R\000a\000n\000d\000o\000m\000\040\000W\000a\000l\000k\000\040\000S\000p\000a\000c\000e\000\040\000-\000T\000i\000m\000e\000\040\000P\000l\000o\000t}{subsubsection.3.0.1}% 20
\BOOKMARK [3][-]{subsubsection.3.0.3}{\376\377\000L\000a\000w\000\040\000o\000f\000\040\000L\000a\000r\000g\000e\000\040\000N\000u\000m\000b\000e\000r\000s}{subsubsection.3.0.1}% 21
\BOOKMARK [3][-]{subsubsection.3.0.4}{\376\377\000E\000m\000p\000i\000r\000i\000c\000a\000l\000l\000y\000\040\000C\000o\000m\000p\000u\000t\000e\000d\000\040\000M\000e\000a\000n\000\040\000a\000n\000d\000\040\000V\000a\000r\000i\000a\000n\000c\000e}{subsubsection.3.0.1}% 22
\BOOKMARK [3][-]{subsubsection.3.0.5}{\376\377\000T\000r\000u\000e\000\040\000M\000e\000a\000n\000\040\000a\000n\000d\000\040\000V\000a\000r\000i\000a\000n\000c\000e}{subsubsection.3.0.1}% 23
\BOOKMARK [3][-]{subsubsection.3.0.6}{\376\377\000E\000r\000r\000o\000r\000\040\000i\000n\000\040\000M\000e\000a\000n\000\040\000a\000n\000d\000\040\000V\000a\000r\000i\000a\000n\000c\000e}{subsubsection.3.0.1}% 24
\BOOKMARK [1][-]{section.4}{\376\377\000Q\000u\000e\000s\000t\000i\000o\000n\000-\0004}{}% 25
\BOOKMARK [2][-]{subsection.4.1}{\376\377\000P\000l\000o\000t\000s}{section.4}% 26
\BOOKMARK [3][-]{subsubsection.4.1.1}{\376\377\000H\000i\000s\000t\000o\000g\000r\000a\000m\000\040\000f\000o\000r\000\040\000M\000-\000S\000h\000a\000p\000e\000d\000\040\000D\000i\000s\000t\000r\000i\000b\000u\000t\000i\000o\000n}{subsection.4.1}% 27
\BOOKMARK [3][-]{subsubsection.4.1.2}{\376\377\000C\000D\000F\000\040\000f\000o\000r\000\040\000M\000-\000S\000h\000a\000p\000e\000d\000\040\000D\000i\000s\000t\000r\000i\000b\000u\000t\000i\000o\000n}{subsection.4.1}% 28
\BOOKMARK [3][-]{subsubsection.4.1.3}{\376\377\000H\000i\000s\000t\000o\000g\000r\000a\000m\000s\000\040\000f\000o\000r\000\040\000A\000v\000e\000r\000a\000g\000e\000\040\000M\000-\000S\000h\000a\000p\000e\000d\000\040\000D\000i\000s\000t\000r\000i\000b\000u\000t\000i\000o\000n}{subsection.4.1}% 29
\BOOKMARK [3][-]{subsubsection.4.1.4}{\376\377\000C\000D\000F\000s\000\040\000f\000o\000r\000\040\000A\000v\000e\000r\000a\000g\000e\000\040\000M\000-\000S\000h\000a\000p\000e\000d\000\040\000D\000i\000s\000t\000r\000i\000b\000u\000t\000i\000o\000n}{subsection.4.1}% 30
\BOOKMARK [1][-]{section.5}{\376\377\000Q\000u\000e\000s\000t\000i\000o\000n\000-\0005}{}% 31
\BOOKMARK [2][-]{subsubsection.5.0.1}{\376\377\000U\000n\000i\000f\000r\000o\000r\000m\000\040\000D\000i\000s\000t\000r\000i\000b\000u\000t\000i\000o\000n\000\040\000E\000r\000r\000o\000r\000\040\000-\000\040\000B\000o\000x\000\040\000P\000l\000o\000t}{section.5}% 32
\BOOKMARK [3][-]{subsubsection.5.0.2}{\376\377\000G\000a\000u\000s\000s\000i\000a\000n\000\040\000D\000i\000s\000t\000r\000i\000b\000u\000t\000i\000o\000n\000\040\000E\000r\000r\000o\000r\000\040\000-\000\040\000B\000o\000x\000\040\000P\000l\000o\000t}{subsubsection.5.0.1}% 33
\BOOKMARK [3][-]{subsubsection.5.0.3}{\376\377\000I\000n\000t\000e\000r\000p\000r\000e\000t\000a\000i\000o\000n\000\040\000f\000r\000o\000m\000\040\000P\000l\000o\000t}{subsubsection.5.0.1}% 34
